<?xml version="1.0" encoding="UTF-8"?>
<!-- Generated by org.testng.reporters.JUnitReportReporter -->
<testsuite hostname="Pirates-PC" name="com.geniuspage.qa.testcases.SmartPixelTest" tests="3" failures="0" timestamp="25 May 2020 08:12:46 GMT" time="39.058" errors="0">
  <testcase name="OpenSmarPixelPage" time="7.225" classname="com.geniuspage.qa.testcases.SmartPixelTest"/>
  <testcase name="AddSmartPxl" time="9.464" classname="com.geniuspage.qa.testcases.SmartPixelTest"/>
  <testcase name="TestLogIn" time="22.369" classname="com.geniuspage.qa.testcases.SmartPixelTest"/>
</testsuite> <!-- com.geniuspage.qa.testcases.SmartPixelTest -->
