<?xml version="1.0" encoding="UTF-8"?>
<!-- Generated by org.testng.reporters.JUnitReportReporter -->
<testsuite hostname="Pirates-PC" name="com.geniuspage.qa.testcases.SiteSettingTest" tests="2" failures="0" timestamp="27 May 2020 12:19:39 GMT" time="36.021" errors="0">
  <testcase name="TestLogIn" time="25.857" classname="com.geniuspage.qa.testcases.SiteSettingTest"/>
  <testcase name="SiteSettings" time="10.164" classname="com.geniuspage.qa.testcases.SiteSettingTest"/>
</testsuite> <!-- com.geniuspage.qa.testcases.SiteSettingTest -->
