<?xml version="1.0" encoding="UTF-8"?>
<!-- Generated by org.testng.reporters.JUnitReportReporter -->
<testsuite hostname="Pirates-PC" name="com.geniuspage.qa.testcases.DeleteSmartPixelTest" tests="3" failures="0" timestamp="26 May 2020 12:34:46 GMT" time="55.750" errors="0">
  <testcase name="OpenSmarPixelPage" time="7.764" classname="com.geniuspage.qa.testcases.DeleteSmartPixelTest"/>
  <testcase name="TestLogIn" time="31.273" classname="com.geniuspage.qa.testcases.DeleteSmartPixelTest"/>
  <testcase name="DeleteSmlartPxl" time="16.713" classname="com.geniuspage.qa.testcases.DeleteSmartPixelTest"/>
</testsuite> <!-- com.geniuspage.qa.testcases.DeleteSmartPixelTest -->
