<?xml version="1.0" encoding="UTF-8"?>
<!-- Generated by org.testng.reporters.JUnitReportReporter -->
<testsuite hostname="Pirates-PC" name="com.geniuspage.qa.testcases.AddSmartPixelTest" tests="3" failures="0" timestamp="25 May 2020 14:11:26 GMT" time="77.671" errors="0">
  <testcase name="TestLogIn" time="61.042" classname="com.geniuspage.qa.testcases.AddSmartPixelTest"/>
  <testcase name="AddSmartPxl" time="9.486" classname="com.geniuspage.qa.testcases.AddSmartPixelTest"/>
  <testcase name="OpenSmarPixelPage" time="7.143" classname="com.geniuspage.qa.testcases.AddSmartPixelTest"/>
</testsuite> <!-- com.geniuspage.qa.testcases.AddSmartPixelTest -->
