<?xml version="1.0" encoding="UTF-8"?>
<!-- Generated by org.testng.reporters.JUnitReportReporter -->
<testsuite hostname="Pirates-PC" name="com.geniuspage.qa.testcases.EditSmartPixelTest" tests="3" failures="0" timestamp="26 May 2020 13:24:41 GMT" time="59.140" errors="0">
  <testcase name="TestLogIn" time="24.968" classname="com.geniuspage.qa.testcases.EditSmartPixelTest"/>
  <testcase name="EditSmlartPxl" time="27.342" classname="com.geniuspage.qa.testcases.EditSmartPixelTest"/>
  <testcase name="OpenSmarPixelPage" time="6.830" classname="com.geniuspage.qa.testcases.EditSmartPixelTest"/>
</testsuite> <!-- com.geniuspage.qa.testcases.EditSmartPixelTest -->
