<?xml version="1.0" encoding="UTF-8"?>
<!-- Generated by org.testng.reporters.JUnitReportReporter -->
<testsuite hostname="Pirates-PC" name="com.geniuspage.qa.testcases.LogInPageTest" tests="1" failures="0" timestamp="25 May 2020 14:11:26 GMT" time="21.338" errors="0">
  <testcase name="TestLogIn" time="21.338" classname="com.geniuspage.qa.testcases.LogInPageTest"/>
</testsuite> <!-- com.geniuspage.qa.testcases.LogInPageTest -->
