<?xml version="1.0" encoding="UTF-8"?>
<!-- Generated by org.testng.reporters.JUnitReportReporter -->
<testsuite hostname="Pirates-PC" name="com.geniuspage.qa.testcases.PublishSiteTest" tests="2" failures="0" timestamp="28 May 2020 14:24:03 GMT" time="38.758" errors="0">
  <testcase name="SiteSettings" time="17.790" classname="com.geniuspage.qa.testcases.PublishSiteTest"/>
  <testcase name="TestLogIn" time="20.968" classname="com.geniuspage.qa.testcases.PublishSiteTest"/>
</testsuite> <!-- com.geniuspage.qa.testcases.PublishSiteTest -->
